[2025-08-09 15:36:02] Script started
[2025-08-09 15:36:02] Input VCF: /Users/m.trofimov/Dropbox/Study/bioinf_hackathon/2025/arthritis_prs/RAdar/input/vcf/lm5515.vcf
[2025-08-09 15:36:02] PRS file: input/prs/PGS000195_hmPOS_GRCh37.txt
[2025-08-09 15:36:02] Clean temporary files: True
[2025-08-09 15:36:02] Filtering VCF (removing variants with missing ID and sex chromosomes)...
[2025-08-09 15:36:04] VCF filtered in 2.0 seconds
[2025-08-09 15:36:04] Converting filtered VCF to PLINK format...
[2025-08-09 15:37:13] Script started
[2025-08-09 15:37:13] Input VCF: /Users/m.trofimov/Dropbox/Study/bioinf_hackathon/2025/arthritis_prs/RAdar/input/vcf/lm5515.vcf
[2025-08-09 15:37:13] PRS file: input/prs/PGS000195_hmPOS_GRCh37.txt
[2025-08-09 15:37:13] Clean temporary files: True
[2025-08-09 15:37:13] Filtering VCF (removing variants with missing ID and sex chromosomes)...
[2025-08-09 15:37:13] VCF filtered in 0.9 seconds
[2025-08-09 15:37:13] Converting filtered VCF to PLINK format...
[2025-08-09 15:37:14] PLINK files created in 0.3 seconds
[2025-08-09 15:37:14] Removing duplicate variants with PLINK2...
[2025-08-09 15:37:14] Duplicates removed in 0.2 seconds
[2025-08-09 15:37:14] Calculating PRS...
[2025-08-09 15:37:14] PRS calculated in 0.1 seconds
[2025-08-09 15:37:14] Cleaning up temporary files...
[2025-08-09 15:37:14] Temporary files removed
[2025-08-09 15:37:14] Done. Output at output/lm5515.json
[2025-08-09 15:37:14] Total runtime: 2.0 seconds
